<?xml version="1.0" encoding="UTF-8"?>
<!-- Generated by org.testng.reporters.JUnitReportReporter -->
<testsuite hostname="jsri" failures="1" tests="25" name="runner.LMSRestAssured_Runner" time="7.805" errors="0" timestamp="2023-07-27T09:45:06 EDT" skipped="0">
  <testcase classname="runner.LMSRestAssured_Runner" name="runScenario" time="0.195"/>
  <system-out/>
  <testcase classname="runner.LMSRestAssured_Runner" name="runScenario" time="0.211"/>
  <system-out/>
  <testcase classname="runner.LMSRestAssured_Runner" name="runScenario" time="2.491"/>
  <system-out/>
  <testcase classname="runner.LMSRestAssured_Runner" name="runScenario" time="0.173"/>
  <system-out/>
  <testcase classname="runner.LMSRestAssured_Runner" name="runScenario" time="0.239"/>
  <system-out/>
  <testcase classname="runner.LMSRestAssured_Runner" name="runScenario" time="0.204"/>
  <system-out/>
  <testcase classname="runner.LMSRestAssured_Runner" name="runScenario" time="0.260"/>
  <system-out/>
  <testcase classname="runner.LMSRestAssured_Runner" name="runScenario" time="0.450"/>
  <system-out/>
  <testcase classname="runner.LMSRestAssured_Runner" name="runScenario" time="0.182"/>
  <system-out/>
  <testcase classname="runner.LMSRestAssured_Runner" name="runScenario" time="0.242"/>
  <system-out/>
  <testcase classname="runner.LMSRestAssured_Runner" name="runScenario" time="0.199"/>
  <system-out/>
  <testcase classname="runner.LMSRestAssured_Runner" name="runScenario" time="0.203"/>
  <system-out/>
  <testcase classname="runner.LMSRestAssured_Runner" name="runScenario" time="0.200"/>
  <system-out/>
  <testcase classname="runner.LMSRestAssured_Runner" name="runScenario" time="0.271"/>
  <system-out/>
  <testcase classname="runner.LMSRestAssured_Runner" name="runScenario" time="0.301"/>
  <system-out/>
  <testcase classname="runner.LMSRestAssured_Runner" name="runScenario" time="0.186"/>
  <system-out/>
  <testcase classname="runner.LMSRestAssured_Runner" name="runScenario" time="0.192"/>
  <system-out/>
  <testcase classname="runner.LMSRestAssured_Runner" name="runScenario" time="0.257">
    <failure message="1 expectation failed.
Expected status code &lt;400&gt; but was &lt;500&gt;.
" type="java.lang.AssertionError">
      <![CDATA[java.lang.AssertionError: 1 expectation failed.
Expected status code <400> but was <500>.

at java.base/jdk.internal.reflect.DirectConstructorHandleAccessor.newInstance(DirectConstructorHandleAccessor.java:67)
at java.base/java.lang.reflect.Constructor.newInstanceWithCaller(Constructor.java:500)
at java.base/java.lang.reflect.Constructor.newInstance(Constructor.java:484)
at org.codehaus.groovy.reflection.CachedConstructor.invoke(CachedConstructor.java:73)
at org.codehaus.groovy.runtime.callsite.ConstructorSite$ConstructorSiteNoUnwrapNoCoerce.callConstructor(ConstructorSite.java:108)
at org.codehaus.groovy.runtime.callsite.CallSiteArray.defaultCallConstructor(CallSiteArray.java:57)
at org.codehaus.groovy.runtime.callsite.AbstractCallSite.callConstructor(AbstractCallSite.java:263)
at org.codehaus.groovy.runtime.callsite.AbstractCallSite.callConstructor(AbstractCallSite.java:277)
at io.restassured.internal.ResponseSpecificationImpl$HamcrestAssertionClosure.validate(ResponseSpecificationImpl.groovy:512)
at io.restassured.internal.ResponseSpecificationImpl$HamcrestAssertionClosure$validate$1.call(Unknown Source)
at io.restassured.internal.ResponseSpecificationImpl.validateResponseIfRequired(ResponseSpecificationImpl.groovy:696)
at io.restassured.internal.ResponseSpecificationImpl.this$2$validateResponseIfRequired(ResponseSpecificationImpl.groovy)
at java.base/jdk.internal.reflect.DirectMethodHandleAccessor.invoke(DirectMethodHandleAccessor.java:104)
at java.base/java.lang.reflect.Method.invoke(Method.java:578)
at org.codehaus.groovy.runtime.callsite.PlainObjectMetaMethodSite.doInvoke(PlainObjectMetaMethodSite.java:43)
at org.codehaus.groovy.runtime.callsite.PogoMetaMethodSite$PogoCachedMethodSiteNoUnwrapNoCoerce.invoke(PogoMetaMethodSite.java:198)
at org.codehaus.groovy.runtime.callsite.PogoMetaMethodSite.callCurrent(PogoMetaMethodSite.java:62)
at org.codehaus.groovy.runtime.callsite.AbstractCallSite.callCurrent(AbstractCallSite.java:185)
at io.restassured.internal.ResponseSpecificationImpl.statusCode(ResponseSpecificationImpl.groovy:135)
at io.restassured.specification.ResponseSpecification$statusCode$0.callCurrent(Unknown Source)
at io.restassured.internal.ResponseSpecificationImpl.statusCode(ResponseSpecificationImpl.groovy:143)
at io.restassured.internal.ValidatableResponseOptionsImpl.statusCode(ValidatableResponseOptionsImpl.java:89)
at stepdefinitions.Program_SD.user_receives_bad_request_status_with_message_and_boolean_success_details_for_program(Program_SD.java:348)
at âœ½.User receives 400 Bad Request Status with message and boolean success details for program(file:///C:/Users/jsri3/WorkSpace/LMSRestAssured/src/test/resources/features/1_program.feature:58)
]]>
    </failure>
  </testcase> <!-- runScenario -->
  <system-out/>
  <testcase classname="runner.LMSRestAssured_Runner" name="runScenario" time="0.227"/>
  <system-out/>
  <testcase classname="runner.LMSRestAssured_Runner" name="runScenario" time="0.179"/>
  <system-out/>
  <testcase classname="runner.LMSRestAssured_Runner" name="runScenario" time="0.171"/>
  <system-out/>
  <testcase classname="runner.LMSRestAssured_Runner" name="runScenario" time="0.199"/>
  <system-out/>
  <testcase classname="runner.LMSRestAssured_Runner" name="runScenario" time="0.159"/>
  <system-out/>
  <testcase classname="runner.LMSRestAssured_Runner" name="runScenario" time="0.212"/>
  <system-out/>
  <testcase classname="runner.LMSRestAssured_Runner" name="runScenario" time="0.202"/>
  <system-out/>
</testsuite> <!-- runner.LMSRestAssured_Runner -->
